<?xml version="1.0" encoding="UTF-8" standalone="no"?>
<testsuite errors="0" failures="1" name="org.mutation11.maven.transformation.MutationTesterTest" skipped="0" tests="1" time="2.171">
    <properties>
        <property name="idea.version" value="15.0.3"/>
        <property name="java.runtime.name" value="Java(TM) SE Runtime Environment"/>
        <property name="sun.boot.library.path" value="C:\Program Files (x86)\Java\jdk1.7.0_55\jre\bin"/>
        <property name="java.vm.version" value="24.55-b03"/>
        <property name="java.vm.vendor" value="Oracle Corporation"/>
        <property name="java.vendor.url" value="http://java.oracle.com/"/>
        <property name="path.separator" value=";"/>
        <property name="guice.disable.misplaced.annotation.check" value="true"/>
        <property name="java.vm.name" value="Java HotSpot(TM) Client VM"/>
        <property name="file.encoding.pkg" value="sun.io"/>
        <property name="idea.launcher.port" value="7535"/>
        <property name="user.script" value=""/>
        <property name="user.country" value="FR"/>
        <property name="sun.java.launcher" value="SUN_STANDARD"/>
        <property name="sun.os.patch.level" value=""/>
        <property name="java.vm.specification.name" value="Java Virtual Machine Specification"/>
        <property name="user.dir" value="C:\Users\Salah\Desktop\SI4\DevOps\git"/>
        <property name="java.runtime.version" value="1.7.0_55-b13"/>
        <property name="java.awt.graphicsenv" value="sun.awt.Win32GraphicsEnvironment"/>
        <property name="java.endorsed.dirs" value="C:\Program Files (x86)\Java\jdk1.7.0_55\jre\lib\endorsed"/>
        <property name="os.arch" value="x86"/>
        <property name="java.io.tmpdir" value="C:\Users\Salah\AppData\Local\Temp\"/>
        <property name="line.separator" value="&#10;"/>
        <property name="java.vm.specification.vendor" value="Oracle Corporation"/>
        <property name="user.variant" value=""/>
        <property name="os.name" value="Windows 8.1"/>
        <property name="classworlds.conf" value="C:\Program Files (x86)\JetBrains\IntelliJ IDEA 15.0.3\plugins\maven\lib\maven3\bin\m2.conf"/>
        <property name="sun.jnu.encoding" value="Cp1252"/>
        <property name="java.library.path" value="C:\Program Files (x86)\Java\jdk1.7.0_55\bin;C:\WINDOWS\Sun\Java\bin;C:\WINDOWS\system32;C:\WINDOWS;C:\ProgramData\Oracle\Java\javapath;C:\Program Files (x86)\Intel\iCLS Client\;C:\Program Files\Intel\iCLS Client\;C:\WINDOWS\system32;C:\WINDOWS;C:\WINDOWS\System32\Wbem;C:\WINDOWS\System32\WindowsPowerShell\v1.0\;C:\Program Files\Intel\Intel(R) Management Engine Components\DAL;C:\Program Files\Intel\Intel(R) Management Engine Components\IPT;C:\Program Files (x86)\Intel\Intel(R) Management Engine Components\DAL;C:\Program Files (x86)\Intel\Intel(R) Management Engine Components\IPT;C:\Program Files (x86)\Skype\Phone\;C:\Users\Salah\AppData\Local\Android\android-sdk\platform-tools;C:\Program Files\nodejs\;C:\Program Files (x86)\Microsoft SQL Server\100\Tools\Binn\;C:\Program Files\Microsoft SQL Server\100\Tools\Binn\;C:\Program Files\Microsoft SQL Server\100\DTS\Binn\;C:\Program Files (x86)\Microsoft SQL Server\100\Tools\Binn\VSShell\Common7\IDE\;C:\Program Files (x86)\Microsoft Visual Studio 9.0\Common7\IDE\PrivateAssemblies\;C:\Program Files (x86)\Microsoft SQL Server\100\DTS\Binn\;C:\WINDOWS\system32\config\systemprofile\.dnx\bin;C:\Program Files\Microsoft DNX\Dnvm\;C:\Program Files (x86)\Windows Kits\8.1\Windows Performance Toolkit\;C:\Users\Salah\AppData\Roaming\npm;."/>
        <property name="java.specification.name" value="Java Platform API Specification"/>
        <property name="java.class.version" value="51.0"/>
        <property name="sun.management.compiler" value="HotSpot Client Compiler"/>
        <property name="os.version" value="6.3"/>
        <property name="user.home" value="C:\Users\Salah"/>
        <property name="user.timezone" value="Europe/Paris"/>
        <property name="java.awt.printerjob" value="sun.awt.windows.WPrinterJob"/>
        <property name="java.specification.version" value="1.7"/>
        <property name="idea.launcher.bin.path" value="C:\Program Files (x86)\JetBrains\IntelliJ IDEA 15.0.3\bin"/>
        <property name="file.encoding" value="UTF-8"/>
        <property name="user.name" value="Salah"/>
        <property name="java.class.path" value="C:\Program Files (x86)\JetBrains\IntelliJ IDEA 15.0.3\plugins\maven\lib\maven3\boot\plexus-classworlds-2.4.jar;C:\Program Files (x86)\JetBrains\IntelliJ IDEA 15.0.3\lib\idea_rt.jar"/>
        <property name="java.vm.specification.version" value="1.7"/>
        <property name="sun.arch.data.model" value="32"/>
        <property name="java.home" value="C:\Program Files (x86)\Java\jdk1.7.0_55\jre"/>
        <property name="sun.java.command" value="com.intellij.rt.execution.application.AppMain org.codehaus.classworlds.Launcher -Didea.version=15.0.3 package"/>
        <property name="java.specification.vendor" value="Oracle Corporation"/>
        <property name="user.language" value="fr"/>
        <property name="awt.toolkit" value="sun.awt.windows.WToolkit"/>
        <property name="java.vm.info" value="mixed mode, sharing"/>
        <property name="java.version" value="1.7.0_55"/>
        <property name="java.ext.dirs" value="C:\Program Files (x86)\Java\jdk1.7.0_55\jre\lib\ext;C:\WINDOWS\Sun\Java\lib\ext"/>
        <property name="sun.boot.class.path" value="C:\Program Files (x86)\Java\jdk1.7.0_55\jre\lib\resources.jar;C:\Program Files (x86)\Java\jdk1.7.0_55\jre\lib\rt.jar;C:\Program Files (x86)\Java\jdk1.7.0_55\jre\lib\sunrsasign.jar;C:\Program Files (x86)\Java\jdk1.7.0_55\jre\lib\jsse.jar;C:\Program Files (x86)\Java\jdk1.7.0_55\jre\lib\jce.jar;C:\Program Files (x86)\Java\jdk1.7.0_55\jre\lib\charsets.jar;C:\Program Files (x86)\Java\jdk1.7.0_55\jre\lib\jfr.jar;C:\Program Files (x86)\Java\jdk1.7.0_55\jre\classes"/>
        <property name="java.vendor" value="Oracle Corporation"/>
        <property name="maven.home" value="C:\Program Files (x86)\JetBrains\IntelliJ IDEA 15.0.3\plugins\maven\lib\maven3"/>
        <property name="file.separator" value="\"/>
        <property name="java.vendor.url.bug" value="http://bugreport.sun.com/bugreport/"/>
        <property name="sun.cpu.endian" value="little"/>
        <property name="sun.io.unicode.encoding" value="UnicodeLittle"/>
        <property name="sun.desktop" value="windows"/>
        <property name="sun.cpu.isalist" value="pentium_pro+mmx pentium_pro pentium+mmx pentium i486 i386 i86"/>
    </properties>

    
    
    <testcase classname="org.mutation11.maven.transformation.MutationTesterTest" name="testMutationTester" time="2.171">
        <failure type="java.lang.AssertionError:">java.lang.AssertionError: null
            at org.junit.Assert.fail(Assert.java:86)
            at org.junit.Assert.fail(Assert.java:95)
            at org.mutation11.maven.transformation.MutationTesterTest.testMutationTester(MutationTesterTest.java:68)
        </failure>
    </testcase>
    <testcase classname="org.mutation11.maven.transformation.MutationTesterTest" name="testMutationTester" time="2.171">
        <failure type="java.lang.AssertionError:">java.lang.AssertionError: null
            at org.junit.Assert.fail(Assert.java:86)
            at org.junit.Assert.fail(Assert.java:95)
            at org.mutation11.maven.transformation.MutationTesterTest.testMutationTester(MutationTesterTest.java:68)
        </failure>
    </testcase>
    <testcase classname="org.mutation11.maven.transformation.MutationTesterTest" name="testMutationTester" time="2.171">
        <failure type="java.lang.AssertionError:">java.lang.AssertionError: null
            at org.junit.Assert.fail(Assert.java:86)
            at org.junit.Assert.fail(Assert.java:95)
            at org.mutation11.maven.transformation.MutationTesterTest.testMutationTester(MutationTesterTest.java:68)
        </failure>
    </testcase>
<testcase classname="org.mutation11.maven.transformation.MutationTesterTest" name="Mutant2" time="0.0">Erreure de compilation du mutant</testcase>
<testcase classname="org.mutation11.maven.transformation.MutationTesterTest" name="testMutationTester" time="2.171"></testcase>
<testcase classname="org.mutation11.maven.transformation.MutationTesterTest" name="testMutationTester" time="2.171"></testcase>
<testcase classname="org.mutation11.maven.transformation.MutationTesterTest" name="testMutationTester" time="2.171"></testcase>
<testcase classname="org.mutation11.maven.transformation.MutationTesterTest" name="testMutationTester" time="2.171"></testcase>
</testsuite>
